<?xml version="1.0" encoding="UTF-8"?>
<testng-results ignored="0" total="1" passed="1" failed="0" skipped="0">
  <reporter-output>
  </reporter-output>
  <suite started-at="2022-10-26T23:46:14 CEST" name="Default suite" finished-at="2022-10-26T23:46:21 CEST" duration-ms="6921">
    <groups>
    </groups>
    <test started-at="2022-10-26T23:46:14 CEST" name="Default test" finished-at="2022-10-26T23:46:21 CEST" duration-ms="6921">
      <class name="ui.FirstTest">
        <test-method signature="firstTest()[pri:0, instance:ui.FirstTest@f0da945]" started-at="2022-10-26T23:46:14 CEST" name="firstTest" finished-at="2022-10-26T23:46:21 CEST" duration-ms="6898" status="PASS">
          <reporter-output>
          </reporter-output>
        </test-method> <!-- firstTest -->
      </class> <!-- ui.FirstTest -->
    </test> <!-- Default test -->
  </suite> <!-- Default suite -->
</testng-results>
